<?xml version="1.0" encoding="UTF-8"?>
<beans xmlns="http://www.springframework.org/schema/beans"
       xmlns:xsi="http://www.w3.org/2001/XMLSchema-instance"
       xsi:schemaLocation="http://www.springframework.org/schema/beans
           http://www.springframework.org/schema/beans/spring-beans-3.0.xsd">
	
	<bean id="accountDao" class="com.akqa.atm.persistence.AccountDao" />
	<bean id="atmDao" class="com.akqa.atm.persistence.AtmDao" />

	<bean id="accountService" class="com.akqa.atm.service.AccountService">
		<constructor-arg ref="accountDao" />
	</bean>

	<bean id="pinService" class="com.akqa.atm.service.PinService">
		<constructor-arg ref="accountService" />
	</bean>
	
	<bean id="balanceInstructionStrategy" class="com.akqa.atm.instruction.BalanceInstructionStrategy">
		<constructor-arg ref="accountService" />
	</bean>
	
	<bean id="withdrawalInstructionStrategy" class="com.akqa.atm.instruction.WithdrawalInstructionStrategy">
		<constructor-arg ref="accountService" />
		<constructor-arg ref="atmDao" />
	</bean>
	
	<bean id="instructionStrategyFactory" class="com.akqa.atm.instruction.InstructionStrategyFactory">
		<constructor-arg ref="balanceInstructionStrategy" />
		<constructor-arg ref="withdrawalInstructionStrategy" />
	</bean>
	
	<bean id="atmService" class="com.akqa.atm.service.AtmService">
		<constructor-arg ref="pinService" />
		<constructor-arg ref="instructionStrategyFactory" />
	</bean>

</beans>